<?xml version="1.0" encoding="UTF-8"?>
<testng-results ignored="3" total="4" passed="1" failed="0" skipped="0">
  <reporter-output>
  </reporter-output>
  <suite started-at="2022-06-09T14:36:27 IST" name="Default suite" finished-at="2022-06-09T14:36:40 IST" duration-ms="13238">
    <groups>
    </groups>
    <test started-at="2022-06-09T14:36:27 IST" name="Default test" finished-at="2022-06-09T14:36:40 IST" duration-ms="13238">
      <class name="com.tests.herokuapp.HerokuappLoginTest">
        <test-method is-config="true" signature="Driver_initi()[pri:0, instance:com.tests.herokuapp.HerokuappLoginTest@68c9133c]" started-at="2022-06-09T14:36:27 IST" name="Driver_initi" finished-at="2022-06-09T14:36:32 IST" duration-ms="4969" status="PASS">
          <reporter-output>
          </reporter-output>
        </test-method> <!-- Driver_initi -->
        <test-method signature="InvalidUn()[pri:1, instance:com.tests.herokuapp.HerokuappLoginTest@68c9133c]" started-at="2022-06-09T14:36:32 IST" name="InvalidUn" finished-at="2022-06-09T14:36:40 IST" duration-ms="8137" status="PASS">
          <reporter-output>
          </reporter-output>
        </test-method> <!-- InvalidUn -->
      </class> <!-- com.tests.herokuapp.HerokuappLoginTest -->
    </test> <!-- Default test -->
  </suite> <!-- Default suite -->
</testng-results>
