<?xml version="1.0" encoding="UTF-8"?>
<!-- Generated by org.testng.reporters.JUnitXMLReporter -->
<testsuite ignored="3" hostname="Lavanya" failures="0" tests="1" name="Default test" time="13.238" errors="0" timestamp="2022-06-09T14:36:40 IST">
  <testcase classname="com.tests.herokuapp.HerokuappLoginTest" name="InvalidUn" time="8.137"/>
  <testcase classname="com.tests.herokuapp.HerokuappLoginTest" name="InValidPwd" time="0.0">
    <ignored/>
  </testcase> <!-- InValidPwd -->
  <testcase classname="com.tests.herokuapp.HerokuappLoginTest" name="BackroundClr" time="0.0">
    <ignored/>
  </testcase> <!-- BackroundClr -->
  <testcase classname="com.tests.herokuapp.HerokuappLoginTest" name="ValidCredentials" time="0.0">
    <ignored/>
  </testcase> <!-- ValidCredentials -->
</testsuite> <!-- Default test -->
